  Compiling CUDA source file kernel.cu...
  
  C:\Users\CIAC\source\repos\Class_12_02_2024\Class_12_02_2024>"C:\Program Files\NVIDIA GPU Computing Toolkit\CUDA\v12.3\bin\nvcc.exe" -gencode=arch=compute_52,code=\"sm_52,compute_52\" --use-local-env -ccbin "C:\Program Files\Microsoft Visual Studio\2022\Community\VC\Tools\MSVC\14.38.33130\bin\HostX64\x64" -x cu   -I"C:\Program Files\NVIDIA GPU Computing Toolkit\CUDA\v12.3\include" -I"C:\Program Files\NVIDIA GPU Computing Toolkit\CUDA\v12.3\include"  -G   --keep-dir x64\Debug  -maxrregcount=0   --machine 64 --compile -cudart static  -g  -DWIN32 -DWIN64 -D_DEBUG -D_CONSOLE -D_MBCS -Xcompiler "/EHsc /W3 /nologo /Od /FS /Zi /RTC1 /MDd " -Xcompiler "/Fdx64\Debug\vc143.pdb" -o C:\Users\CIAC\source\repos\Class_12_02_2024\Class_12_02_2024\x64\Debug\kernel.cu.obj "C:\Users\CIAC\source\repos\Class_12_02_2024\Class_12_02_2024\kernel.cu" 
C:\Users\CIAC\source\repos\Class_12_02_2024\Class_12_02_2024\kernel.cu(29): warning #177-D: variable "prop" was declared but never referenced
    	cudaDeviceProp(prop);
    	               ^
  
  Remark: The warnings can be suppressed with "-diag-suppress <warning-number>"
  
  kernel.cu
  tmpxft_00004704_00000000-7_kernel.cudafe1.cpp
C:\Users\CIAC\source\repos\Class_12_02_2024\Class_12_02_2024\kernel.cu(15): warning C4474: 'fprintf' : too many arguments passed for format string
  C:\Users\CIAC\source\repos\Class_12_02_2024\Class_12_02_2024\kernel.cu(15): note: placeholders and their parameters expect 0 variadic arguments, but 3 were provided
C:\Users\CIAC\source\repos\Class_12_02_2024\Class_12_02_2024\kernel.cu(41): warning C4477: 'printf' : format string '%d' requires an argument of type 'int', but variadic argument 1 has type 'size_t'
  C:\Users\CIAC\source\repos\Class_12_02_2024\Class_12_02_2024\kernel.cu(41): note: consider using '%zd' in the format string
C:\Users\CIAC\source\repos\Class_12_02_2024\Class_12_02_2024\kernel.cu(42): warning C4477: 'printf' : format string '%d' requires an argument of type 'int', but variadic argument 1 has type 'size_t'
  C:\Users\CIAC\source\repos\Class_12_02_2024\Class_12_02_2024\kernel.cu(42): note: consider using '%zd' in the format string
C:\Users\CIAC\source\repos\Class_12_02_2024\Class_12_02_2024\kernel.cu(43): warning C4477: 'printf' : format string '%d' requires an argument of type 'int', but variadic argument 1 has type 'size_t'
  C:\Users\CIAC\source\repos\Class_12_02_2024\Class_12_02_2024\kernel.cu(43): note: consider using '%zd' in the format string
C:\Users\CIAC\source\repos\Class_12_02_2024\Class_12_02_2024\kernel.cu(44): warning C4477: 'printf' : format string '%d' requires an argument of type 'int', but variadic argument 1 has type 'size_t'
  C:\Users\CIAC\source\repos\Class_12_02_2024\Class_12_02_2024\kernel.cu(44): note: consider using '%zd' in the format string
C:\Users\CIAC\source\repos\Class_12_02_2024\Class_12_02_2024\kernel.cu(29): warning C4101: 'prop': unreferenced local variable
  Class_12_02_2024.vcxproj -> C:\Users\CIAC\source\repos\Class_12_02_2024\x64\Debug\Class_12_02_2024.exe
